2021-02-19_hoon-school_urbit_1.2-1.3.1_4hour_https://twitter.com/dj_mxliv/status/1362855935660740609
2021-02-18_hoon-school_urbit_1.2-1.3_4hour_https://twitter.com/dj_mxliv/status/1362572287040454656 ----------Level 0
2021-02-16_https://developers.coinranking.com/api/documentation/_all_4hour_https://twitter.com/dj_mxliv/status/1361767003237793798
2021-02-15_hoon-school_urbit_1.2-1.2_4hour_https://twitter.com/dj_mxliv/status/1361396009776087044
2021-01-21_data-science-python-dask_jessie-daniel_081-101_4hour_https://twitter.com/dj_mxliv/status/1352404349259894785
2020-12-27_data-science-python-dask_jessie-daniel_001-037_4hour_https://twitter.com/dj_mxliv/status/1343386426357010432
2020-12-26_philosophy-now-issue-140_multiple-authors_015-031_4hour_https://twitter.com/dj_mxliv/status/1342988658853474310
2020-12-25_philosophy-now-issue-140_multiple-authors_001-015_4hour_https://twitter.com/dj_mxliv/status/1342625559852023808
2020-12-02_off-day_49-of-51_96%
2020-12-01_programming-python_mark-lutz_0471-0484_4hour_https://twitter.com/dj_mxliv/status/1333936398349471745
2020-11-30_a-promised-land_barack-obama_0372-0417_4hour_https://twitter.com/dj_mxliv/status/1333768790673219585
2020-11-29_a-promised-land_barack-obama_0320-0372_4hour_https://twitter.com/dj_mxliv/status/1333301730386214912
2020-11-28_a-promised-land_barack-obama_0253-0320_4hour_https://twitter.com/dj_mxliv/status/1333060730896089089
2020-11-27_a-promised-land_barack-obama_0165-0253_4hour_https://twitter.com/dj_mxliv/status/1332566739536670720
2020-11-26_a-promised-land_barack-obama_0075-0165_4hour_https://twitter.com/dj_mxliv/status/1332092924520132608
2020-11-25_programming-python_mark-lutz_0461-0471_4hour_https://twitter.com/dj_mxliv/status/1331679654042734593
2020-11-24_programming-python_mark-lutz_0451-0461_4hour_https://twitter.com/dj_mxliv/status/1331316812433162240
2020-11-23_programming-python_mark-lutz_0442-0451_4hour_https://twitter.com/dj_mxliv/status/1331012656531001345
2020-11-22_a-promised-land_barack-obama_0001-0075_4hour_https://tweetstamp.org/1330809080462467072
2020-11-21_blockchain-chicken-farm_xiaowei-wang_032-067_4hour_https://tweetstamp.org/1330490910530891777
2020-11-20_programming-python_mark-lutz_0431-0442_4hour_https://tweetstamp.org/1329952592760193025
2020-11-19_programming-python_mark-lutz_0420-0431_4hour_https://tweetstamp.org/1329602413150420993
2020-11-18_programming-python_mark-lutz_0405-0420_4hour_https://tweetstamp.org/1329239553303953408
2020-11-17_programming-python_mark-lutz_0391-0405_4hour_https://tweetstamp.org/1328863476585033729
2020-11-16_programming-python_mark-lutz_0376-0391_4hour_https://tweetstamp.org/1328513450650324993
2020-11-15_blockchain-chicken-farm_xiaowei-wang_032-067_4hour_https://tweetstamp.org/1328053069561663491
2020-11-14_blockchain-chicken-farm_xiaowei-wang_020-032_4hour_https://tweetstamp.org/1327750693965455361
2020-11-13_blockchain-chicken-farm_xiaowei-wang_001-020_4hour_https://tweetstamp.org/1327447092042711041
2020-11-12_off-day_30-of-31_97%
2020-11-11_programming-python_mark-lutz_0341-0376_4hour_https://tweetstamp.org/1326699946137972737
2020-11-10_the-art-of-statistics_david-spiegelhalter_audiobook_4hour_https://tweetstamp.org/1326353827545534465
2020-11-09_programming-python_mark-lutz_0328-0341_4hour_https://tweetstamp.org/1325983797016322048
2020-11-08_the-art-of-statistics_david-spiegelhalter_audiobook_4hour_https://tweetstamp.org/1325626922043236352
2020-11-07_the-art-of-statistics_david-spiegelhalter_audiobook_4hour_https://tweetstamp.org/1325279377697878021
2020-11-06_tales-from-the-crypt_podcast_4hour_https://tweetstamp.org/1324888606498910213
2020-11-05_tales-from-the-crypt_podcast_4hour_https://tweetstamp.org/1324529716460572672
2020-11-04_programming-python_mark-lutz_0311-0328_4hour_https://tweetstamp.org/1324163142251732993
2020-11-03_programming-python_mark-lutz_0307-0311_4hour_https://tweetstamp.org/1323800300805713921
2020-11-02_programming-python_mark-lutz_0286-0307_4hour_https://tweetstamp.org/1323439115812167681
2020-11-01_joe-rogan-kanye-west_podcast_4hour
2020-10-31_lex-fridman-eric-weinstein_podcast_4hour
2020-10-30_programming-python_mark-lutz_0261-0286_4hour
2020-10-29_programming-python_mark-lutz_0250-0261_4hour
2020-10-28_understanding-the-digital-world_brian-kernighan_0000-0023_4hour
2020-10-27_programming-python_mark-lutz_0238-0250_4hour
2020-10-26_programming-python_mark-lutz_0230-0238_4hour
2020-10-25_tales-from-the-crypt_podcast_4hour
2020-10-24_tales-from-the-crypt_podcast_4hour
2020-10-23_power_michel-foucault_0015-0055_4hour
2020-10-22_programming-python_mark-lutz_0228-0230_4hour
2020-10-21_programming-python_mark-lutz_0218-0228_4hour
2020-10-20_programming-python_mark-lutz_0199-0218_4hour
2020-10-19_programming-python_mark-lutz_0189-0199_4hour
2020-10-18_power_michel-foucault_0001-0015_4hour
2020-10-17_first-time-landlord_janet-portman_0001-0103_4hour
2020-10-16_programming-python_mark-lutz_0177-0189_4hour
2020-10-15_programming-python_mark-lutz_0157-0177_4hour
2020-10-14_programming-python_mark-lutz_0141-0157_4hour
2020-10-13_programming-python_mark-lutz_0114-0141_4hour
2020-10-10_the-underground-railroad_colson-whitehead_0209-0313_4hour
2020-10-09_programming-python_mark-lutz_0092-0114_4hour
2020-10-08_the-underground-railroad_colson-whitehead_0099-0209_4hour
2020-10-07_programming-python_mark-lutz_0063-0092_4hour
2020-10-06_the-underground-railroad_colson-whitehead_0075-0099_extra
2020-10-06_programming-python_mark-lutz_0051-0063_4hour
2020-10-05_the-underground-railroad_colson-whitehead_0048-0075_extra
2020-10-05_programming-python_mark-lutz_0029-0051_4hour
2020-10-04_ten-arguments-for-deleting-your-social-media-accounts-right-now_jaron-lanier_0001-0162_4hour
2020-09-30_programming-python_mark-lutz_0001-0029_4hour
2020-09-28_learning-python_mark-lutz_1427-1465_4hour
2020-09-19_learning-python_mark-lutz_1423-1427_1hour
2020-09-15_learning-python_mark-lutz_1422-1423_1hour
2020-09-14_learning-python_mark-lutz_1419-1422_1hour
2020-09-13_learning-python_mark-lutz_1414-1419_1hour
2020-09-12_learning-python_mark-lutz_1405-1414_1hour
2020-09-11_learning-python_mark-lutz_1382-1405_1hour
2020-09-10_learning-python_mark-lutz_1376-1382_1hour
2020-09-09_learning-python_mark-lutz_1364-1376_1hour
2020-09-08_learning-python_mark-lutz_1340-1364_4hour
2020-09-02_learning-python_mark-lutz_1313-1340_4hour
2020-08-25_the-yellow-house_sarah-broom_176-200_1hour
2020-08-24_learning-python-mark-lutz_1288-1313_4hour
2020-08-17_learning-python-mark-lutz_1265-1288_4hour
2020-08-16_the-yellow-house_sarah-broom_084-176_4hour
2020-08-13_learning-python-mark-lutz_1232-1265_4hour
2020-08-12_learning-python-mark-lutz_1205-1232_4hour
2020-08-11_the-yellow-house_sarah-broom_001-084_2.5hour
2020-08-10_artificial-intelligence-in-practice_bernard-marr_317-323_30min
2020-08-09_artificial-intelligence-in-practice_bernard-marr_294-317_1hour
2020-08-08_jack-dorsey-on-twitters-mistakes_the-daily-podcast_001-100_1hour
2020-08-08_artificial-intelligence-in-practice_bernard-marr_257-294_1hour
2020-08-07_artificial-intelligence-in-practice_bernard-marr_227-257_1hour
2020-08-06_learning-python-mark-lutz_1162-1205_4hour
2020-08-05_learning-python-mark-lutz_1124-1162_4hour
2020-08-04_learning-python-mark-lutz_1100-1124_4hour
2020-08-03_learning-python-mark-lutz_1082-1100_4hour
2020-08-02_artificial-intelligence-in-practice_bernard-marr_111-227_4hour
2020-08-01_artificial-intelligence-in-practice_bernard-marr_001-111_2.5hour
2020-08-01_the-book-of-satoshi_phil-champagne_263-365_1.5hour
2020-07-31_learning-python-mark-lutz_1062-1082_4hour
2020-07-30_learning-python-mark-lutz_1042-1062_4hour
2020-07-29_learning-python-mark-lutz_1025-1042_4hour
2020-07-28_learning-python-mark-lutz_997-1025_4hour
2020-07-27_learning-python-mark-lutz_996-997_30min
2020-07-26_the-book-of-satoshi_phil-champagne_263-332_4hour
2020-07-25_the-book-of-satoshi_phil-champagne_124-263_4hour
2020-07-24_learning-python-mark-lutz_977-995_4hour
2020-07-23_learning-python-mark-lutz_976-977_30min
2020-07-22_learning-python-mark-lutz_974-976_30min
2020-07-21_learning-python-mark-lutz_948-974_4hour
2020-07-20_learning-python-mark-lutz_924-948_4hour
2020-07-16_the-book-of-satoshi_phil-champagne_001-124_4hour
2020-07-15_the-history-of-philosophy_ac-grayling_527-600_4hour
2020-07-14_learning-python-mark-lutz_887-924_4hour
2020-07-13_learning-python-mark-lutz_851-887_4hour
2020-07-12_the-history-of-philosophy_ac-grayling_467-527_4hour
2020-07-08_learning-python-mark-lutz_849-851_30min (exhausting work day)
2020-07-07_learning-python-mark-lutz_807-849_4hour
2020-07-06_learning-python-mark-lutz_771-807_4hour
2020-06-27_fraud-analytics_bart-baesens_001-010_30min
2020-06-26_everybody-lies_seth-stephens-davidowitz_166-370_4hour
2020-06-25_everybody-lies_seth-stephens-davidowitz_001-166_4.5hour
2020-06-24_the-history-of-philosophy_ac-grayling_368-411_4hour
2020-06-23_the-history-of-philosophy_ac-grayling_294-368_4hour
2020-06-17_the-history-of-philosophy_ac-grayling_073-160_4hour
2020-06-16_the-history-of-philosophy_ac-grayling_001-073_4hour
2020-06-11_learning-python-mark-lutz_698-771_4hour
2020-06-01_riots_twitter-feed_000-000_1.5hour
2020-05-31_cryptoassets_chris-burniske_245-247_1hour
2020-05-30_cryptoassets_chris-burniske_185-245_1hour
2020-05-29_cryptoassets_chris-burniske_121-185_1hour
2020-05-28_learning-python-mark-lutz_684-698_1hour
2020-05-27_learning-python-mark-lutz_668-684_1hour
2020-05-26_learning-python-mark-lutz_665-668_1hour
2020-05-25_learning-python-mark-lutz_657-665_1hour
2020-05-24_cryptoassets_chris-burniske_070-121_1hour
2020-05-23_cryptoassets_chris-burniske_030-070_1hour
2020-05-22_cryptoassets_chris-burniske_001-030_1hour
2020-05-21_this-book-will-save-you-time_misir-mahmudov_001-049_1hour
2020-05-20_learning-python-mark-lutz_648-657_1hour
2020-05-19_learning-python-mark-lutz_642-648_1hour
2020-05-18_learning-python-mark-lutz_635-642_1hour
2020-05-17_learning-python-mark-lutz_627-635_1hour
2020-05-16_learning-python-mark-lutz_619-627_1hour
2020-05-15_learning-python-mark-lutz_607-619_1hour
2020-05-14_learning-python-mark-lutz_604-607_1hour
2020-05-13_learning-python-mark-lutz_596-604_1hour
2020-05-12_learning-python-mark-lutz_585-596_1hour
2020-05-11_learning-python-mark-lutz_571-585_1hour
2020-05-10_learning-python-mark-lutz_562-571_1hour
2020-05-09_learning-python-mark-lutz_552-562_1hour
2020-05-08_learning-python-mark-lutz_535-552_1hour
2020-05-07_learning-python-mark-lutz_527-535_1hour
2020-05-06_antisocial-andrew-marantz_125-196_2hour
2020-05-05_learning-python-mark-lutz_514-527_1hour
2020-05-04_learning-python-mark-lutz_500-514_1hour
2020-05-03_learning-python-mark-lutz_494-500_1hour
2020-05-02_learning-python-mark-lutz_484-494_1hour
2020-05-01_learning-python-mark-lutz_466-484_1hour
2020-04-30_learning-python-mark-lutz_462-466_30min
2020-04-29_learning-python-mark-lutz_454-462_30min
2020-04-28_learning-python-mark-lutz_449-454_30min
2020-04-27_learning-python-mark-lutz_444-449_30min
2020-04-26_learning-python-mark-lutz_438-444_30min
2020-04-25_learning-python-mark-lutz_429-438_30min
2020-04-24_learning-python-mark-lutz_422-429_30min
2020-04-23_learning-python-mark-lutz_415-422_30min
2020-04-22_learning-python-mark-lutz_408-415_30min
2020-04-21_learning-python-mark-lutz_399-408_30min
2020-04-20_learning-python-mark-lutz_389-399_30min
2020-04-19_learning-python-mark-lutz_383-389_30min
2020-04-18_learning-python-mark-lutz_370-383_30min
2020-04-07_learning-python-mark-lutz_275-326_5hrs
2020-04-06_learning-python-mark-lutz_234-275_5hrs
2020-03-29_american-gods-neil-gaman_142-487_5hrs
2020-03-23_learning-python-mark-lutz_158-207_5hrs
